<?xml version="1.0" encoding="UTF-8"?>
<!-- Generated by org.testng.reporters.JUnitReportReporter -->
<testsuite hostname="LAPTOP-LQD6JG7P" failures="0" tests="5" name="pages_test_pom.Add_cart_test" time="1.377" errors="0" timestamp="2021-06-02T09:42:47 IST" skipped="0">
  <testcase classname="pages_test_pom.Add_cart_test" name="login" time="0.565"/>
  <system-out/>
  <testcase classname="pages_test_pom.Add_cart_test" name="add_to_cart" time="0.079"/>
  <system-out/>
  <testcase classname="pages_test_pom.Add_cart_test" name="Checkout" time="0.208"/>
  <system-out/>
  <testcase classname="pages_test_pom.Add_cart_test" name="Enter_checkout_info" time="0.382"/>
  <system-out/>
  <testcase classname="pages_test_pom.Add_cart_test" name="finish_Order" time="0.143"/>
  <system-out/>
</testsuite> <!-- pages_test_pom.Add_cart_test -->
